Arguments: 
  C:\Program Files\nodejs\node.exe C:\Users\-.-\AppData\Roaming\npm\node_modules\yarn\bin\yarn.js

PATH: 
  C:\Users\-.-\bin;C:\Program Files\Git\mingw64\bin;C:\Program Files\Git\usr\local\bin;C:\Program Files\Git\usr\bin;C:\Program Files\Git\usr\bin;C:\Program Files\Git\mingw64\bin;C:\Program Files\Git\usr\bin;C:\Users\-.-\bin;C:\WINDOWS\system32;C:\WINDOWS;C:\WINDOWS\System32\Wbem;C:\WINDOWS\System32\WindowsPowerShell\v1.0;C:\WINDOWS\System32\OpenSSH;C:\ProgramData\chocolatey\bin;C:\Program Files\Git\cmd;C:\Program Files\nodejs;C:\Users\-.-\AppData\Local\Programs\Python\Python310\Scripts;C:\Users\-.-\AppData\Local\Programs\Python\Python310;C:\Users\-.-\AppData\Local\Microsoft\WindowsApps;D:\Microsoft VS Code\bin;C:\Program Files\heroku\bin;C:\Hugo\bin;C:\Users\-.-\AppData\Roaming\npm;C:\Program Files\Git\usr\bin\vendor_perl;C:\Program Files\Git\usr\bin\core_perl

Yarn version: 
  1.22.18

Node version: 
  16.15.1

Platform: 
  win32 x64

Trace: 
  Error: EPERM: operation not permitted, unlink 'C:\Users\-.-\AppData\Local\Yarn\Cache\v6\npm-next-12.2.2-029bf5e4a18a891ca5d05b189b7cd983fd22c072-integrity\node_modules\next\.yarn-tarball.tgz'

npm manifest: 
  {
    "homepage": "https://registration-login-form.vercel.app",
    "name": "registration-login-form",
    "version": "1.0.0",
    "private": true,
    "dependencies": {
      "clsx": "^1.1.1",
      "date-fns": "^2.28.0",
      "next": "^12.2.0",
      "node-sass": "^7.0.1",
      "react": "^18.2.0",
      "react-dom": "^18.2.0",
      "react-icons": "^4.3.1"
    },
    "scripts": {
      "dev": "next dev",
      "build": "next build",
      "start": "next start"
    },
    "eslintConfig": {
      "extends": [
        "react-app",
        "react-app/jest"
      ]
    },
    "browserslist": {
      "production": [
        ">0.2%",
        "not dead",
        "not op_mini all"
      ],
      "development": [
        "last 1 chrome version",
        "last 1 firefox version",
        "last 1 safari version"
      ]
    },
    "devDependencies": {
      "@typeofweb/eslint-plugin": "^0.3.0",
      "@types/node": "^18.0.0",
      "@types/node-sass": "^4.11.3",
      "@types/react": "^18.0.14",
      "@types/react-dom": "^18.0.5",
      "eslint-config-next": "12.2.0",
      "eslint-plugin-react": "^7.30.1",
      "prettier": "^2.7.1",
      "typescript": "^4.7.4"
    }
  }

yarn manifest: 
  No manifest

Lockfile: 
  No lockfile
